Using pre-set license
Built from '2020.2/release' branch; Version is '2020.2.4f1 (becced5a802b) revision 12504301'; Using compiler version '192528614'; Build Type 'Release'
OS: 'Windows 10 Home; OS build 19042.928; Version 2009; 64bit' Language: 'en' Physical Memory: 16226 MB
BatchMode: 1, IsHumanControllingUs: 0, StartBugReporterOnCrash: 0, Is64bit: 1, IsPro: 0

 COMMAND LINE ARGUMENTS:
C:\Program Files\Unity\2020.2.4f1\Editor\Unity.exe
-adb2
-batchMode
-noUpm
-name
AssetImportWorker0
-projectPath
C:/Users/lukeg/Documents/flappyBird
-logFile
Logs/AssetImportWorker0.log
-srvPort
55018
Successfully changed project path to: C:/Users/lukeg/Documents/flappyBird
C:/Users/lukeg/Documents/flappyBird
Using Asset Import Pipeline V2.
Refreshing native plugins compatible for Editor in 30.14 ms, found 1 plugins.
Preloading 0 native plugins for Editor in 0.00 ms.
Initialize engine version: 2020.2.4f1 (becced5a802b)
[Subsystems] Discovering subsystems at path C:/Program Files/Unity/2020.2.4f1/Editor/Data/Resources/UnitySubsystems
[Subsystems] Discovering subsystems at path C:/Users/lukeg/Documents/flappyBird/Assets
GfxDevice: creating device client; threaded=0
Direct3D:
    Version:  Direct3D 11.0 [level 11.1]
    Renderer: NVIDIA GeForce GTX 1650 (ID=0x1f91)
    Vendor:   
    VRAM:     3962 MB
    Driver:   27.21.14.6089
Initialize mono
Mono path[0] = 'C:/Program Files/Unity/2020.2.4f1/Editor/Data/Managed'
Mono path[1] = 'C:/Program Files/Unity/2020.2.4f1/Editor/Data/MonoBleedingEdge/lib/mono/unityjit'
Mono config path = 'C:/Program Files/Unity/2020.2.4f1/Editor/Data/MonoBleedingEdge/etc'
Using monoOptions --debugger-agent=transport=dt_socket,embedding=1,server=y,suspend=n,address=127.0.0.1:56268
Begin MonoManager ReloadAssembly
Registering precompiled unity dll's ...
Register platform support module: C:/Program Files/Unity/2020.2.4f1/Editor/Data/PlaybackEngines/WebGLSupport/UnityEditor.WebGL.Extensions.dll
Register platform support module: C:/Program Files/Unity/2020.2.4f1/Editor/Data/PlaybackEngines/WindowsStandaloneSupport/UnityEditor.WindowsStandalone.Extensions.dll
Registered in 0.002562 seconds.
Native extension for WindowsStandalone target not found
Native extension for WebGL target not found
Refreshing native plugins compatible for Editor in 29.71 ms, found 1 plugins.
Preloading 0 native plugins for Editor in 0.00 ms.
Invoked RoslynAnalysisRunner static constructor.
RoslynAnalysisRunner will not be running.
RoslynAnalysisRunner has terminated.
Mono: successfully reloaded assembly
- Completed reload, in  1.161 seconds
Platform modules already initialized, skipping
Registering precompiled user dll's ...
Registered in 0.000974 seconds.
Begin MonoManager ReloadAssembly
Native extension for WindowsStandalone target not found
Native extension for WebGL target not found
Refreshing native plugins compatible for Editor in 31.00 ms, found 1 plugins.
Preloading 0 native plugins for Editor in 0.00 ms.
Invoked RoslynAnalysisRunner static constructor.
RoslynAnalysisRunner will not be running.
RoslynAnalysisRunner has terminated.
Mono: successfully reloaded assembly
- Completed reload, in  0.906 seconds
Platform modules already initialized, skipping
========================================================================
Worker process is ready to serve import requests
Launched and connected shader compiler UnityShaderCompiler.exe after 0.05 seconds
Refreshing native plugins compatible for Editor in 0.30 ms, found 1 plugins.
Preloading 0 native plugins for Editor in 0.00 ms.
Unloading 1797 Unused Serialized files (Serialized files now loaded: 0)
System memory in use before: 84.3 MB.
System memory in use after: 84.3 MB.

Unloading 24 unused Assets to reduce memory usage. Loaded Objects now: 2238.
Total: 2.092100 ms (FindLiveObjects: 0.186700 ms CreateObjectMapping: 0.115200 ms MarkObjects: 1.677500 ms  DeleteObjects: 0.112000 ms)

========================================================================
Received Import Request.
  path: Assets/New Folder
  artifactKey: Guid(a8b930793582e114a90a51a29f9c619e) Importer(815301076,1909f56bfc062723c751e8b465ee728b)
Start importing Assets/New Folder using Guid(a8b930793582e114a90a51a29f9c619e) Importer(815301076,1909f56bfc062723c751e8b465ee728b)  -> (artifact id: '9a5764a2ee20db3f88512225893fb0ad') in 0.007633 seconds
  Import took 0.010801 seconds .

========================================================================
Received Import Request.
  Time since last request: 10.533530 seconds.
  path: Assets/A
  artifactKey: Guid(a8b930793582e114a90a51a29f9c619e) Importer(815301076,1909f56bfc062723c751e8b465ee728b)
Start importing Assets/A using Guid(a8b930793582e114a90a51a29f9c619e) Importer(815301076,1909f56bfc062723c751e8b465ee728b)  -> (artifact id: 'd10dd500f8ba17e1721f26766e7312e4') in 0.010195 seconds
  Import took 0.015995 seconds .

========================================================================
Received Import Request.
  Time since last request: 5.392958 seconds.
  path: Assets/Scenes
  artifactKey: Guid(2379d38821b23964bb9d5fafdf0b979b) Importer(815301076,1909f56bfc062723c751e8b465ee728b)
Start importing Assets/Scenes using Guid(2379d38821b23964bb9d5fafdf0b979b) Importer(815301076,1909f56bfc062723c751e8b465ee728b)  -> (artifact id: 'ac07619998bbbf3bb2471a8dccce6d92') in 0.007587 seconds
  Import took 0.012364 seconds .

========================================================================
Received Import Request.
  Time since last request: 110.736822 seconds.
  path: Assets/New Folder
  artifactKey: Guid(d03410c79c2c5a740ae5c78eecdcae44) Importer(815301076,1909f56bfc062723c751e8b465ee728b)
Start importing Assets/New Folder using Guid(d03410c79c2c5a740ae5c78eecdcae44) Importer(815301076,1909f56bfc062723c751e8b465ee728b)  -> (artifact id: '5999cdb3fbdcb688538613d4ba2748d4') in 0.004570 seconds
  Import took 0.010525 seconds .

========================================================================
Received Import Request.
  Time since last request: 9.633932 seconds.
  path: Assets/Scenes/SampleScene.unity
  artifactKey: Guid(2cda990e2423bbf4892e6590ba056729) Importer(815301076,1909f56bfc062723c751e8b465ee728b)
Start importing Assets/Scenes/SampleScene.unity using Guid(2cda990e2423bbf4892e6590ba056729) Importer(815301076,1909f56bfc062723c751e8b465ee728b)  -> (artifact id: '709747ac962673ab5b16e669a9755bb9') in 0.016841 seconds
  Import took 0.022043 seconds .

========================================================================
Received Import Request.
  Time since last request: 34.493355 seconds.
  path: Assets/Scenes 1
  artifactKey: Guid(b49d8e5fa4bafc44dab1cf6e201e48cc) Importer(815301076,1909f56bfc062723c751e8b465ee728b)
Start importing Assets/Scenes 1 using Guid(b49d8e5fa4bafc44dab1cf6e201e48cc) Importer(815301076,1909f56bfc062723c751e8b465ee728b)  -> (artifact id: '2662d74331e857ff9f2f7bffe076aa49') in 0.008122 seconds
  Import took 0.011128 seconds .

========================================================================
Received Import Request.
  Time since last request: 102.085025 seconds.
  path: Assets/Scenes/gameScene.unity
  artifactKey: Guid(2cda990e2423bbf4892e6590ba056729) Importer(815301076,1909f56bfc062723c751e8b465ee728b)
Start importing Assets/Scenes/gameScene.unity using Guid(2cda990e2423bbf4892e6590ba056729) Importer(815301076,1909f56bfc062723c751e8b465ee728b)  -> (artifact id: '560d26e096241910f700114afbfe4301') in 0.007452 seconds
  Import took 0.012434 seconds .

========================================================================
Received Import Request.
  Time since last request: 217.151567 seconds.
  path: Assets/Sprites/background.png
  artifactKey: Guid(79f570c7305686d4eabc96196c2984a1) Importer(815301076,1909f56bfc062723c751e8b465ee728b)
Start importing Assets/Sprites/background.png using Guid(79f570c7305686d4eabc96196c2984a1) Importer(815301076,1909f56bfc062723c751e8b465ee728b)  -> (artifact id: '4d793774203a7dc355629e747476993f') in 0.116552 seconds
  Import took 0.119459 seconds .

========================================================================
Received Import Request.
  Time since last request: 0.000396 seconds.
  path: Assets/Sprites/loseBg.png
  artifactKey: Guid(4148269a0f15ce842a1e1c5ceb52be63) Importer(815301076,1909f56bfc062723c751e8b465ee728b)
Start importing Assets/Sprites/loseBg.png using Guid(4148269a0f15ce842a1e1c5ceb52be63) Importer(815301076,1909f56bfc062723c751e8b465ee728b)  -> (artifact id: '43bfc36839365b0cdf306cb215bf4244') in 0.017592 seconds
  Import took 0.020594 seconds .

========================================================================
Received Import Request.
  Time since last request: 0.000402 seconds.
  path: Assets/Sprites/player1.png
  artifactKey: Guid(6d5d30f1c587ce043bb60afe545d5a3d) Importer(815301076,1909f56bfc062723c751e8b465ee728b)
Start importing Assets/Sprites/player1.png using Guid(6d5d30f1c587ce043bb60afe545d5a3d) Importer(815301076,1909f56bfc062723c751e8b465ee728b)  -> (artifact id: '67913f3fde593c8b0d25b86166b5f3e7') in 0.017026 seconds
  Import took 0.021034 seconds .

========================================================================
Received Import Request.
  Time since last request: 0.000399 seconds.
  path: Assets/Sprites/player0.png
  artifactKey: Guid(dba9089fe67b5fb43ae0fbeb2ff5cdfa) Importer(815301076,1909f56bfc062723c751e8b465ee728b)
Start importing Assets/Sprites/player0.png using Guid(dba9089fe67b5fb43ae0fbeb2ff5cdfa) Importer(815301076,1909f56bfc062723c751e8b465ee728b)  -> (artifact id: 'e040538c29a2930f1950f08347f04b60') in 0.021124 seconds
  Import took 0.024566 seconds .

========================================================================
Received Import Request.
  Time since last request: 0.000380 seconds.
  path: Assets/Sprites/player3.png
  artifactKey: Guid(6128c666e1b133440947e6ab5fdbcb1a) Importer(815301076,1909f56bfc062723c751e8b465ee728b)
Start importing Assets/Sprites/player3.png using Guid(6128c666e1b133440947e6ab5fdbcb1a) Importer(815301076,1909f56bfc062723c751e8b465ee728b)  -> (artifact id: 'b37d9549de6ab3f6c71bb3a33e1b3f8f') in 0.023496 seconds
  Import took 0.026411 seconds .

========================================================================
Received Import Request.
  Time since last request: 0.000412 seconds.
  path: Assets/Sprites/pipe.png
  artifactKey: Guid(d2a8d98db6038284dab8eeb726d65d26) Importer(815301076,1909f56bfc062723c751e8b465ee728b)
Start importing Assets/Sprites/pipe.png using Guid(d2a8d98db6038284dab8eeb726d65d26) Importer(815301076,1909f56bfc062723c751e8b465ee728b)  -> (artifact id: '1e174ef459a91e53fe5002c50bfe8699') in 0.021610 seconds
  Import took 0.024586 seconds .

========================================================================
Received Import Request.
  Time since last request: 0.000376 seconds.
  path: Assets/Sprites/player2.png
  artifactKey: Guid(53699b4d74134f84cbd07c94f931179c) Importer(815301076,1909f56bfc062723c751e8b465ee728b)
Start importing Assets/Sprites/player2.png using Guid(53699b4d74134f84cbd07c94f931179c) Importer(815301076,1909f56bfc062723c751e8b465ee728b)  -> (artifact id: 'ecd318174f6e411ce2b01f50352ba12f') in 0.019863 seconds
  Import took 0.022839 seconds .

========================================================================
Received Import Request.
  Time since last request: 179.346947 seconds.
  path: ProjectSettings/TagManager.asset
  artifactKey: Guid(00000000000000003000000000000000) Importer(815301076,1909f56bfc062723c751e8b465ee728b)
Start importing ProjectSettings/TagManager.asset using Guid(00000000000000003000000000000000) Importer(815301076,1909f56bfc062723c751e8b465ee728b)  -> (artifact id: '135b5813783864719e8674deb51bac1c') in 0.012397 seconds
  Import took 0.015870 seconds .

========================================================================
Received Prepare
Registering precompiled user dll's ...
Registered in 0.000988 seconds.
Begin MonoManager ReloadAssembly
Native extension for WindowsStandalone target not found
Native extension for WebGL target not found
Refreshing native plugins compatible for Editor in 0.31 ms, found 1 plugins.
Preloading 0 native plugins for Editor in 0.00 ms.
Invoked RoslynAnalysisRunner static constructor.
RoslynAnalysisRunner will not be running.
RoslynAnalysisRunner has terminated.
Mono: successfully reloaded assembly
- Completed reload, in  0.709 seconds
Platform modules already initialized, skipping
Refreshing native plugins compatible for Editor in 0.30 ms, found 1 plugins.
Preloading 0 native plugins for Editor in 0.00 ms.
Unloading 1792 Unused Serialized files (Serialized files now loaded: 0)
System memory in use before: 87.4 MB.
System memory in use after: 87.4 MB.

Unloading 13 unused Assets to reduce memory usage. Loaded Objects now: 2251.
Total: 1.769900 ms (FindLiveObjects: 0.282500 ms CreateObjectMapping: 0.062000 ms MarkObjects: 1.333400 ms  DeleteObjects: 0.090800 ms)

========================================================================
Received Prepare
Registering precompiled user dll's ...
Registered in 0.000859 seconds.
Begin MonoManager ReloadAssembly
Native extension for WindowsStandalone target not found
Native extension for WebGL target not found
Refreshing native plugins compatible for Editor in 0.39 ms, found 1 plugins.
Preloading 0 native plugins for Editor in 0.00 ms.
Invoked RoslynAnalysisRunner static constructor.
RoslynAnalysisRunner will not be running.
RoslynAnalysisRunner has terminated.
Mono: successfully reloaded assembly
- Completed reload, in  0.797 seconds
Platform modules already initialized, skipping
Refreshing native plugins compatible for Editor in 0.89 ms, found 1 plugins.
Preloading 0 native plugins for Editor in 0.00 ms.
Unloading 1792 Unused Serialized files (Serialized files now loaded: 0)
System memory in use before: 87.4 MB.
System memory in use after: 87.4 MB.

Unloading 12 unused Assets to reduce memory usage. Loaded Objects now: 2254.
Total: 2.667300 ms (FindLiveObjects: 0.288400 ms CreateObjectMapping: 0.086800 ms MarkObjects: 2.157400 ms  DeleteObjects: 0.132900 ms)

========================================================================
Received Prepare
Registering precompiled user dll's ...
Registered in 0.000900 seconds.
Begin MonoManager ReloadAssembly
Native extension for WindowsStandalone target not found
Native extension for WebGL target not found
Refreshing native plugins compatible for Editor in 0.32 ms, found 1 plugins.
Preloading 0 native plugins for Editor in 0.00 ms.
Invoked RoslynAnalysisRunner static constructor.
RoslynAnalysisRunner will not be running.
RoslynAnalysisRunner has terminated.
Mono: successfully reloaded assembly
- Completed reload, in  0.714 seconds
Platform modules already initialized, skipping
Refreshing native plugins compatible for Editor in 0.31 ms, found 1 plugins.
Preloading 0 native plugins for Editor in 0.00 ms.
Unloading 1792 Unused Serialized files (Serialized files now loaded: 0)
System memory in use before: 87.4 MB.
System memory in use after: 87.4 MB.

Unloading 12 unused Assets to reduce memory usage. Loaded Objects now: 2257.
Total: 1.780200 ms (FindLiveObjects: 0.223100 ms CreateObjectMapping: 0.057500 ms MarkObjects: 1.404400 ms  DeleteObjects: 0.094300 ms)

========================================================================
Received Prepare
Registering precompiled user dll's ...
Registered in 0.001019 seconds.
Begin MonoManager ReloadAssembly
Native extension for WindowsStandalone target not found
Native extension for WebGL target not found
Refreshing native plugins compatible for Editor in 0.32 ms, found 1 plugins.
Preloading 0 native plugins for Editor in 0.00 ms.
Invoked RoslynAnalysisRunner static constructor.
RoslynAnalysisRunner will not be running.
RoslynAnalysisRunner has terminated.
Mono: successfully reloaded assembly
- Completed reload, in  0.717 seconds
Platform modules already initialized, skipping
Refreshing native plugins compatible for Editor in 0.30 ms, found 1 plugins.
Preloading 0 native plugins for Editor in 0.00 ms.
Unloading 1792 Unused Serialized files (Serialized files now loaded: 0)
System memory in use before: 87.4 MB.
System memory in use after: 87.4 MB.

Unloading 12 unused Assets to reduce memory usage. Loaded Objects now: 2260.
Total: 6.178900 ms (FindLiveObjects: 0.444300 ms CreateObjectMapping: 0.204300 ms MarkObjects: 5.443000 ms  DeleteObjects: 0.085500 ms)

========================================================================
Received Import Request.
  Time since last request: 506.895447 seconds.
  path: Assets
  artifactKey: Guid(00000000000000001000000000000000) Importer(815301076,1909f56bfc062723c751e8b465ee728b)
Start importing Assets using Guid(00000000000000001000000000000000) Importer(815301076,1909f56bfc062723c751e8b465ee728b)  -> (artifact id: 'edc3feb264a98656617d3c2cb59c8f16') in 0.009015 seconds
  Import took 0.012024 seconds .

========================================================================
Received Import Request.
  Time since last request: 0.002268 seconds.
  path: Assets
  artifactKey: Guid(00000000000000001000000000000000) Importer(815301076,1909f56bfc062723c751e8b465ee728b)
Start importing Assets using Guid(00000000000000001000000000000000) Importer(815301076,1909f56bfc062723c751e8b465ee728b)  -> (artifact id: 'edc3feb264a98656617d3c2cb59c8f16') in 0.002880 seconds
  Import took 0.005383 seconds .

========================================================================
Received Import Request.
  Time since last request: 2.828218 seconds.
  path: Assets/NewBehaviourScript.cs
  artifactKey: Guid(ce3b2a0ce1bd6ed4c97dc2425a528965) Importer(815301076,1909f56bfc062723c751e8b465ee728b)
Start importing Assets/NewBehaviourScript.cs using Guid(ce3b2a0ce1bd6ed4c97dc2425a528965) Importer(815301076,1909f56bfc062723c751e8b465ee728b)  -> (artifact id: '9afa913f9efac7fd7857f04fcb2e3219') in 0.018085 seconds
  Import took 0.022195 seconds .

========================================================================
Received Prepare
Registering precompiled user dll's ...
Registered in 0.001083 seconds.
Begin MonoManager ReloadAssembly
Native extension for WindowsStandalone target not found
Native extension for WebGL target not found
Refreshing native plugins compatible for Editor in 0.34 ms, found 1 plugins.
Preloading 0 native plugins for Editor in 0.00 ms.
Invoked RoslynAnalysisRunner static constructor.
RoslynAnalysisRunner will not be running.
RoslynAnalysisRunner has terminated.
Mono: successfully reloaded assembly
- Completed reload, in  0.738 seconds
Platform modules already initialized, skipping
Refreshing native plugins compatible for Editor in 0.34 ms, found 1 plugins.
Preloading 0 native plugins for Editor in 0.00 ms.
Unloading 1792 Unused Serialized files (Serialized files now loaded: 0)
System memory in use before: 87.5 MB.
System memory in use after: 87.4 MB.

Unloading 12 unused Assets to reduce memory usage. Loaded Objects now: 2263.
Total: 1.923400 ms (FindLiveObjects: 0.165800 ms CreateObjectMapping: 0.058900 ms MarkObjects: 1.552100 ms  DeleteObjects: 0.145700 ms)

========================================================================
Received Import Request.
  Time since last request: 8.193357 seconds.
  path: Assets/Scripts
  artifactKey: Guid(4dabf93a442a2c34283dda553abc1e24) Importer(815301076,1909f56bfc062723c751e8b465ee728b)
Start importing Assets/Scripts using Guid(4dabf93a442a2c34283dda553abc1e24) Importer(815301076,1909f56bfc062723c751e8b465ee728b)  -> (artifact id: '44596b6cdca18da27556ce09fa950f55') in 0.009799 seconds
  Import took 0.012475 seconds .

========================================================================
Received Prepare
Registering precompiled user dll's ...
Registered in 0.001325 seconds.
Begin MonoManager ReloadAssembly
Native extension for WindowsStandalone target not found
Native extension for WebGL target not found
Refreshing native plugins compatible for Editor in 0.58 ms, found 1 plugins.
Preloading 0 native plugins for Editor in 0.00 ms.
Invoked RoslynAnalysisRunner static constructor.
RoslynAnalysisRunner will not be running.
RoslynAnalysisRunner has terminated.
Mono: successfully reloaded assembly
- Completed reload, in  0.869 seconds
Platform modules already initialized, skipping
Refreshing native plugins compatible for Editor in 0.42 ms, found 1 plugins.
Preloading 0 native plugins for Editor in 0.00 ms.
Unloading 1793 Unused Serialized files (Serialized files now loaded: 0)
System memory in use before: 87.5 MB.
System memory in use after: 87.5 MB.

Unloading 12 unused Assets to reduce memory usage. Loaded Objects now: 2267.
Total: 3.182100 ms (FindLiveObjects: 0.393000 ms CreateObjectMapping: 0.234200 ms MarkObjects: 2.444300 ms  DeleteObjects: 0.109200 ms)

========================================================================
Received Import Request.
  Time since last request: 17.120017 seconds.
  path: Assets/Scripts/playerControl.cs
  artifactKey: Guid(2b99c5d6431d61349b2d6e32e73b8363) Importer(815301076,1909f56bfc062723c751e8b465ee728b)
Start importing Assets/Scripts/playerControl.cs using Guid(2b99c5d6431d61349b2d6e32e73b8363) Importer(815301076,1909f56bfc062723c751e8b465ee728b)  -> (artifact id: 'dc9a28af0b832777d1e04a0c841ae5da') in 0.021332 seconds
  Import took 0.030122 seconds .

========================================================================
Received Import Request.
  Time since last request: 4.729740 seconds.
  path: Assets/Scripts/PlayerControl.cs
  artifactKey: Guid(2b99c5d6431d61349b2d6e32e73b8363) Importer(815301076,1909f56bfc062723c751e8b465ee728b)
Start importing Assets/Scripts/PlayerControl.cs using Guid(2b99c5d6431d61349b2d6e32e73b8363) Importer(815301076,1909f56bfc062723c751e8b465ee728b)  -> (artifact id: '8d78303982d88ef66de24309aa41d2a0') in 0.009697 seconds
  Import took 0.014279 seconds .

========================================================================
Received Prepare
Registering precompiled user dll's ...
Registered in 0.002012 seconds.
Begin MonoManager ReloadAssembly
Native extension for WindowsStandalone target not found
Native extension for WebGL target not found
Refreshing native plugins compatible for Editor in 0.35 ms, found 1 plugins.
Preloading 0 native plugins for Editor in 0.00 ms.
Invoked RoslynAnalysisRunner static constructor.
RoslynAnalysisRunner will not be running.
RoslynAnalysisRunner has terminated.
Mono: successfully reloaded assembly
- Completed reload, in  0.706 seconds
Platform modules already initialized, skipping
Refreshing native plugins compatible for Editor in 0.31 ms, found 1 plugins.
Preloading 0 native plugins for Editor in 0.00 ms.
Unloading 1793 Unused Serialized files (Serialized files now loaded: 0)
System memory in use before: 87.5 MB.
System memory in use after: 87.5 MB.

Unloading 12 unused Assets to reduce memory usage. Loaded Objects now: 2270.
Total: 4.924000 ms (FindLiveObjects: 0.343100 ms CreateObjectMapping: 0.161900 ms MarkObjects: 4.248600 ms  DeleteObjects: 0.168500 ms)

========================================================================
Received Import Request.
  Time since last request: 327.004683 seconds.
  path: Assets/Scripts/PlayerControl.cs
  artifactKey: Guid(2b99c5d6431d61349b2d6e32e73b8363) Importer(815301076,1909f56bfc062723c751e8b465ee728b)
Start importing Assets/Scripts/PlayerControl.cs using Guid(2b99c5d6431d61349b2d6e32e73b8363) Importer(815301076,1909f56bfc062723c751e8b465ee728b)  -> (artifact id: 'b82f5e53064643d8c18759a78d623ee0') in 0.006658 seconds
  Import took 0.010955 seconds .

========================================================================
Received Prepare
Registering precompiled user dll's ...
Registered in 0.000982 seconds.
Begin MonoManager ReloadAssembly
Native extension for WindowsStandalone target not found
Native extension for WebGL target not found
Refreshing native plugins compatible for Editor in 0.42 ms, found 1 plugins.
Preloading 0 native plugins for Editor in 0.00 ms.
Invoked RoslynAnalysisRunner static constructor.
RoslynAnalysisRunner will not be running.
RoslynAnalysisRunner has terminated.
Mono: successfully reloaded assembly
- Completed reload, in  0.719 seconds
Platform modules already initialized, skipping
Refreshing native plugins compatible for Editor in 0.31 ms, found 1 plugins.
Preloading 0 native plugins for Editor in 0.00 ms.
Unloading 1793 Unused Serialized files (Serialized files now loaded: 0)
System memory in use before: 87.5 MB.
System memory in use after: 87.5 MB.

Unloading 12 unused Assets to reduce memory usage. Loaded Objects now: 2273.
Total: 1.833100 ms (FindLiveObjects: 0.248100 ms CreateObjectMapping: 0.067000 ms MarkObjects: 1.429200 ms  DeleteObjects: 0.088100 ms)

========================================================================
Received Import Request.
  Time since last request: 147.775795 seconds.
  path: Assets/Scripts/PlayerControl.cs
  artifactKey: Guid(2b99c5d6431d61349b2d6e32e73b8363) Importer(815301076,1909f56bfc062723c751e8b465ee728b)
Start importing Assets/Scripts/PlayerControl.cs using Guid(2b99c5d6431d61349b2d6e32e73b8363) Importer(815301076,1909f56bfc062723c751e8b465ee728b)  -> (artifact id: 'da6837cf0a26b4d5af3ca13f735c5364') in 0.007715 seconds
  Import took 0.014473 seconds .

========================================================================
Received Prepare
Registering precompiled user dll's ...
Registered in 0.000883 seconds.
Begin MonoManager ReloadAssembly
Native extension for WindowsStandalone target not found
Native extension for WebGL target not found
Refreshing native plugins compatible for Editor in 0.31 ms, found 1 plugins.
Preloading 0 native plugins for Editor in 0.00 ms.
Invoked RoslynAnalysisRunner static constructor.
RoslynAnalysisRunner will not be running.
RoslynAnalysisRunner has terminated.
Mono: successfully reloaded assembly
- Completed reload, in  0.734 seconds
Platform modules already initialized, skipping
Refreshing native plugins compatible for Editor in 0.32 ms, found 1 plugins.
Preloading 0 native plugins for Editor in 0.00 ms.
Unloading 1794 Unused Serialized files (Serialized files now loaded: 0)
System memory in use before: 87.5 MB.
System memory in use after: 87.5 MB.

Unloading 12 unused Assets to reduce memory usage. Loaded Objects now: 2277.
Total: 1.872400 ms (FindLiveObjects: 0.159800 ms CreateObjectMapping: 0.058700 ms MarkObjects: 1.559200 ms  DeleteObjects: 0.093800 ms)

========================================================================
Received Import Request.
  Time since last request: 122.208374 seconds.
  path: Assets/PlayerControl.cs
  artifactKey: Guid(e84714f0708d09b42842147e3615534d) Importer(815301076,1909f56bfc062723c751e8b465ee728b)
Start importing Assets/PlayerControl.cs using Guid(e84714f0708d09b42842147e3615534d) Importer(815301076,1909f56bfc062723c751e8b465ee728b)  -> (artifact id: '835d4c7341b20ab11f75646a8f4b9960') in 0.004772 seconds
  Import took 0.011085 seconds .

========================================================================
Received Prepare
Registering precompiled user dll's ...
Registered in 0.000919 seconds.
Begin MonoManager ReloadAssembly
Native extension for WindowsStandalone target not found
Native extension for WebGL target not found
Refreshing native plugins compatible for Editor in 0.31 ms, found 1 plugins.
Preloading 0 native plugins for Editor in 0.00 ms.
Invoked RoslynAnalysisRunner static constructor.
RoslynAnalysisRunner will not be running.
RoslynAnalysisRunner has terminated.
Mono: successfully reloaded assembly
- Completed reload, in  0.702 seconds
Platform modules already initialized, skipping
Refreshing native plugins compatible for Editor in 0.35 ms, found 1 plugins.
Preloading 0 native plugins for Editor in 0.00 ms.
Unloading 1793 Unused Serialized files (Serialized files now loaded: 0)
System memory in use before: 87.5 MB.
System memory in use after: 87.5 MB.

Unloading 13 unused Assets to reduce memory usage. Loaded Objects now: 2279.
Total: 2.026100 ms (FindLiveObjects: 0.221600 ms CreateObjectMapping: 0.057700 ms MarkObjects: 1.639100 ms  DeleteObjects: 0.106600 ms)

========================================================================
Received Import Request.
  Time since last request: 33.464719 seconds.
  path: Assets/Sprites
  artifactKey: Guid(8a02b823cff449842a3af016ed277d35) Importer(815301076,1909f56bfc062723c751e8b465ee728b)
Start importing Assets/Sprites using Guid(8a02b823cff449842a3af016ed277d35) Importer(815301076,1909f56bfc062723c751e8b465ee728b)  -> (artifact id: 'd70b9ac84e560e6095fe3ad65e49e1cd') in 0.008445 seconds
  Import took 0.011750 seconds .

========================================================================
Received Import Request.
  Time since last request: 0.001632 seconds.
  path: Assets/Sprites
  artifactKey: Guid(8a02b823cff449842a3af016ed277d35) Importer(815301076,1909f56bfc062723c751e8b465ee728b)
Start importing Assets/Sprites using Guid(8a02b823cff449842a3af016ed277d35) Importer(815301076,1909f56bfc062723c751e8b465ee728b)  -> (artifact id: 'd70b9ac84e560e6095fe3ad65e49e1cd') in 0.002621 seconds
  Import took 0.005225 seconds .

========================================================================
Received Prepare
Registering precompiled user dll's ...
Registered in 0.001402 seconds.
Begin MonoManager ReloadAssembly
Native extension for WindowsStandalone target not found
Native extension for WebGL target not found
Refreshing native plugins compatible for Editor in 0.33 ms, found 1 plugins.
Preloading 0 native plugins for Editor in 0.00 ms.
Invoked RoslynAnalysisRunner static constructor.
RoslynAnalysisRunner will not be running.
RoslynAnalysisRunner has terminated.
Mono: successfully reloaded assembly
- Completed reload, in  0.735 seconds
Platform modules already initialized, skipping
Refreshing native plugins compatible for Editor in 0.31 ms, found 1 plugins.
Preloading 0 native plugins for Editor in 0.00 ms.
Unloading 1793 Unused Serialized files (Serialized files now loaded: 0)
System memory in use before: 87.5 MB.
System memory in use after: 87.5 MB.

Unloading 12 unused Assets to reduce memory usage. Loaded Objects now: 2282.
Total: 4.692300 ms (FindLiveObjects: 0.319000 ms CreateObjectMapping: 0.146900 ms MarkObjects: 3.993900 ms  DeleteObjects: 0.230700 ms)

========================================================================
Received Prepare
Registering precompiled user dll's ...
Registered in 0.001171 seconds.
Begin MonoManager ReloadAssembly
Native extension for WindowsStandalone target not found
Native extension for WebGL target not found
Refreshing native plugins compatible for Editor in 0.33 ms, found 1 plugins.
Preloading 0 native plugins for Editor in 0.00 ms.
Invoked RoslynAnalysisRunner static constructor.
RoslynAnalysisRunner will not be running.
RoslynAnalysisRunner has terminated.
Mono: successfully reloaded assembly
- Completed reload, in  0.769 seconds
Platform modules already initialized, skipping
Refreshing native plugins compatible for Editor in 0.29 ms, found 1 plugins.
Preloading 0 native plugins for Editor in 0.00 ms.
Unloading 1793 Unused Serialized files (Serialized files now loaded: 0)
System memory in use before: 87.5 MB.
System memory in use after: 87.5 MB.

Unloading 12 unused Assets to reduce memory usage. Loaded Objects now: 2285.
Total: 1.947300 ms (FindLiveObjects: 0.257900 ms CreateObjectMapping: 0.059000 ms MarkObjects: 1.542500 ms  DeleteObjects: 0.086700 ms)

========================================================================
Received Import Request.
  Time since last request: 611.641438 seconds.
  path: Assets/Scripts/PlayerControl.cs
  artifactKey: Guid(2b99c5d6431d61349b2d6e32e73b8363) Importer(815301076,1909f56bfc062723c751e8b465ee728b)
Start importing Assets/Scripts/PlayerControl.cs using Guid(2b99c5d6431d61349b2d6e32e73b8363) Importer(815301076,1909f56bfc062723c751e8b465ee728b)  -> (artifact id: '6bd5b34c11e14e386d77a38c44e6dba2') in 0.007943 seconds
  Import took 0.011567 seconds .

========================================================================
Received Prepare
Registering precompiled user dll's ...
Registered in 0.000914 seconds.
Begin MonoManager ReloadAssembly
Native extension for WindowsStandalone target not found
Native extension for WebGL target not found
Refreshing native plugins compatible for Editor in 0.33 ms, found 1 plugins.
Preloading 0 native plugins for Editor in 0.00 ms.
Invoked RoslynAnalysisRunner static constructor.
RoslynAnalysisRunner will not be running.
RoslynAnalysisRunner has terminated.
Mono: successfully reloaded assembly
- Completed reload, in  0.769 seconds
Platform modules already initialized, skipping
Refreshing native plugins compatible for Editor in 0.31 ms, found 1 plugins.
Preloading 0 native plugins for Editor in 0.00 ms.
Unloading 1793 Unused Serialized files (Serialized files now loaded: 0)
System memory in use before: 87.5 MB.
System memory in use after: 87.5 MB.

Unloading 12 unused Assets to reduce memory usage. Loaded Objects now: 2288.
Total: 2.269400 ms (FindLiveObjects: 0.267400 ms CreateObjectMapping: 0.080300 ms MarkObjects: 1.791800 ms  DeleteObjects: 0.129000 ms)

========================================================================
Received Prepare
Registering precompiled user dll's ...
Registered in 0.000953 seconds.
Begin MonoManager ReloadAssembly
Native extension for WindowsStandalone target not found
Native extension for WebGL target not found
Refreshing native plugins compatible for Editor in 0.44 ms, found 1 plugins.
Preloading 0 native plugins for Editor in 0.00 ms.
Invoked RoslynAnalysisRunner static constructor.
RoslynAnalysisRunner will not be running.
RoslynAnalysisRunner has terminated.
Mono: successfully reloaded assembly
- Completed reload, in  0.715 seconds
Platform modules already initialized, skipping
Refreshing native plugins compatible for Editor in 0.32 ms, found 1 plugins.
Preloading 0 native plugins for Editor in 0.00 ms.
Unloading 1793 Unused Serialized files (Serialized files now loaded: 0)
System memory in use before: 87.6 MB.
System memory in use after: 87.5 MB.

Unloading 12 unused Assets to reduce memory usage. Loaded Objects now: 2291.
Total: 2.090600 ms (FindLiveObjects: 0.256300 ms CreateObjectMapping: 0.054500 ms MarkObjects: 1.645600 ms  DeleteObjects: 0.133500 ms)

========================================================================
Received Prepare
Registering precompiled user dll's ...
Registered in 0.001042 seconds.
Begin MonoManager ReloadAssembly
Native extension for WindowsStandalone target not found
Native extension for WebGL target not found
Refreshing native plugins compatible for Editor in 0.34 ms, found 1 plugins.
Preloading 0 native plugins for Editor in 0.00 ms.
Invoked RoslynAnalysisRunner static constructor.
RoslynAnalysisRunner will not be running.
RoslynAnalysisRunner has terminated.
Mono: successfully reloaded assembly
- Completed reload, in  0.708 seconds
Platform modules already initialized, skipping
Refreshing native plugins compatible for Editor in 0.31 ms, found 1 plugins.
Preloading 0 native plugins for Editor in 0.00 ms.
Unloading 1793 Unused Serialized files (Serialized files now loaded: 0)
System memory in use before: 87.6 MB.
System memory in use after: 87.6 MB.

Unloading 12 unused Assets to reduce memory usage. Loaded Objects now: 2294.
Total: 1.918100 ms (FindLiveObjects: 0.226300 ms CreateObjectMapping: 0.059900 ms MarkObjects: 1.545400 ms  DeleteObjects: 0.085800 ms)

========================================================================
Received Prepare
Registering precompiled user dll's ...
Registered in 0.000928 seconds.
Begin MonoManager ReloadAssembly
Native extension for WindowsStandalone target not found
Native extension for WebGL target not found
Refreshing native plugins compatible for Editor in 0.35 ms, found 1 plugins.
Preloading 0 native plugins for Editor in 0.00 ms.
Invoked RoslynAnalysisRunner static constructor.
RoslynAnalysisRunner will not be running.
RoslynAnalysisRunner has terminated.
Mono: successfully reloaded assembly
- Completed reload, in  0.762 seconds
Platform modules already initialized, skipping
Refreshing native plugins compatible for Editor in 0.31 ms, found 1 plugins.
Preloading 0 native plugins for Editor in 0.00 ms.
Unloading 1794 Unused Serialized files (Serialized files now loaded: 0)
System memory in use before: 87.6 MB.
System memory in use after: 87.6 MB.

Unloading 12 unused Assets to reduce memory usage. Loaded Objects now: 2298.
Total: 3.590100 ms (FindLiveObjects: 0.233000 ms CreateObjectMapping: 0.063900 ms MarkObjects: 3.180800 ms  DeleteObjects: 0.110600 ms)

========================================================================
Received Import Request.
  Time since last request: 863.567791 seconds.
  path: Assets/Scripts/NewBehaviourScript.cs
  artifactKey: Guid(141e0aaf432270649ba33a90808e9903) Importer(815301076,1909f56bfc062723c751e8b465ee728b)
Start importing Assets/Scripts/NewBehaviourScript.cs using Guid(141e0aaf432270649ba33a90808e9903) Importer(815301076,1909f56bfc062723c751e8b465ee728b)  -> (artifact id: 'e8a5b20c30d4a6058526039e0742c3ae') in 0.011139 seconds
  Import took 0.017175 seconds .

========================================================================
Received Prepare
Registering precompiled user dll's ...
Registered in 0.000946 seconds.
Begin MonoManager ReloadAssembly
Native extension for WindowsStandalone target not found
Native extension for WebGL target not found
Refreshing native plugins compatible for Editor in 0.31 ms, found 1 plugins.
Preloading 0 native plugins for Editor in 0.00 ms.
Invoked RoslynAnalysisRunner static constructor.
RoslynAnalysisRunner will not be running.
RoslynAnalysisRunner has terminated.
Mono: successfully reloaded assembly
- Completed reload, in  0.749 seconds
Platform modules already initialized, skipping
Refreshing native plugins compatible for Editor in 0.44 ms, found 1 plugins.
Preloading 0 native plugins for Editor in 0.00 ms.
Unloading 1793 Unused Serialized files (Serialized files now loaded: 0)
System memory in use before: 87.6 MB.
System memory in use after: 87.6 MB.

Unloading 13 unused Assets to reduce memory usage. Loaded Objects now: 2300.
Total: 2.029900 ms (FindLiveObjects: 0.230100 ms CreateObjectMapping: 0.069800 ms MarkObjects: 1.546800 ms  DeleteObjects: 0.182300 ms)

========================================================================
Received Import Request.
  Time since last request: 13.788163 seconds.
  path: Assets/Scripts/PipeControl.cs
  artifactKey: Guid(de9eb1a813af77b4aa9f944dcf395e0a) Importer(815301076,1909f56bfc062723c751e8b465ee728b)
Start importing Assets/Scripts/PipeControl.cs using Guid(de9eb1a813af77b4aa9f944dcf395e0a) Importer(815301076,1909f56bfc062723c751e8b465ee728b)  -> (artifact id: '40ed893ab6138b3572205d3c7a5c5e0a') in 0.010660 seconds
  Import took 0.015159 seconds .

========================================================================
Received Prepare
Registering precompiled user dll's ...
Registered in 0.000875 seconds.
Begin MonoManager ReloadAssembly
Native extension for WindowsStandalone target not found
Native extension for WebGL target not found
Refreshing native plugins compatible for Editor in 0.32 ms, found 1 plugins.
Preloading 0 native plugins for Editor in 0.00 ms.
Invoked RoslynAnalysisRunner static constructor.
RoslynAnalysisRunner will not be running.
RoslynAnalysisRunner has terminated.
Mono: successfully reloaded assembly
- Completed reload, in  0.724 seconds
Platform modules already initialized, skipping
Refreshing native plugins compatible for Editor in 0.31 ms, found 1 plugins.
Preloading 0 native plugins for Editor in 0.00 ms.
Unloading 1794 Unused Serialized files (Serialized files now loaded: 0)
System memory in use before: 87.6 MB.
System memory in use after: 87.6 MB.

Unloading 12 unused Assets to reduce memory usage. Loaded Objects now: 2304.
Total: 1.862000 ms (FindLiveObjects: 0.212100 ms CreateObjectMapping: 0.057300 ms MarkObjects: 1.494500 ms  DeleteObjects: 0.097100 ms)

========================================================================
Received Prepare
Registering precompiled user dll's ...
Registered in 0.000915 seconds.
Begin MonoManager ReloadAssembly
Native extension for WindowsStandalone target not found
Native extension for WebGL target not found
Refreshing native plugins compatible for Editor in 0.33 ms, found 1 plugins.
Preloading 0 native plugins for Editor in 0.00 ms.
Invoked RoslynAnalysisRunner static constructor.
RoslynAnalysisRunner will not be running.
RoslynAnalysisRunner has terminated.
Mono: successfully reloaded assembly
- Completed reload, in  0.721 seconds
Platform modules already initialized, skipping
Refreshing native plugins compatible for Editor in 0.31 ms, found 1 plugins.
Preloading 0 native plugins for Editor in 0.00 ms.
Unloading 1794 Unused Serialized files (Serialized files now loaded: 0)
System memory in use before: 87.6 MB.
System memory in use after: 87.6 MB.

Unloading 12 unused Assets to reduce memory usage. Loaded Objects now: 2307.
Total: 2.367300 ms (FindLiveObjects: 0.318600 ms CreateObjectMapping: 0.072200 ms MarkObjects: 1.768500 ms  DeleteObjects: 0.206700 ms)

========================================================================
Received Import Request.
  Time since last request: 202.322194 seconds.
  path: Assets/Scripts/PipeControl.cs
  artifactKey: Guid(de9eb1a813af77b4aa9f944dcf395e0a) Importer(815301076,1909f56bfc062723c751e8b465ee728b)
Start importing Assets/Scripts/PipeControl.cs using Guid(de9eb1a813af77b4aa9f944dcf395e0a) Importer(815301076,1909f56bfc062723c751e8b465ee728b)  -> (artifact id: '64ffb3f619e82bdafdd64c043723143f') in 0.004881 seconds
  Import took 0.009256 seconds .

========================================================================
Received Prepare
Registering precompiled user dll's ...
Registered in 0.000930 seconds.
Begin MonoManager ReloadAssembly
Native extension for WindowsStandalone target not found
Native extension for WebGL target not found
Refreshing native plugins compatible for Editor in 0.34 ms, found 1 plugins.
Preloading 0 native plugins for Editor in 0.00 ms.
Invoked RoslynAnalysisRunner static constructor.
RoslynAnalysisRunner will not be running.
RoslynAnalysisRunner has terminated.
Mono: successfully reloaded assembly
- Completed reload, in  0.701 seconds
Platform modules already initialized, skipping
Refreshing native plugins compatible for Editor in 0.31 ms, found 1 plugins.
Preloading 0 native plugins for Editor in 0.00 ms.
Unloading 1794 Unused Serialized files (Serialized files now loaded: 0)
System memory in use before: 87.6 MB.
System memory in use after: 87.6 MB.

Unloading 12 unused Assets to reduce memory usage. Loaded Objects now: 2310.
Total: 2.045500 ms (FindLiveObjects: 0.239700 ms CreateObjectMapping: 0.069300 ms MarkObjects: 1.597100 ms  DeleteObjects: 0.138500 ms)

========================================================================
Received Prepare
Registering precompiled user dll's ...
Registered in 0.000994 seconds.
Begin MonoManager ReloadAssembly
Native extension for WindowsStandalone target not found
Native extension for WebGL target not found
Refreshing native plugins compatible for Editor in 0.31 ms, found 1 plugins.
Preloading 0 native plugins for Editor in 0.00 ms.
Invoked RoslynAnalysisRunner static constructor.
RoslynAnalysisRunner will not be running.
RoslynAnalysisRunner has terminated.
Mono: successfully reloaded assembly
- Completed reload, in  0.771 seconds
Platform modules already initialized, skipping
Refreshing native plugins compatible for Editor in 0.30 ms, found 1 plugins.
Preloading 0 native plugins for Editor in 0.00 ms.
Unloading 1794 Unused Serialized files (Serialized files now loaded: 0)
System memory in use before: 87.6 MB.
System memory in use after: 87.6 MB.

Unloading 12 unused Assets to reduce memory usage. Loaded Objects now: 2313.
Total: 6.083400 ms (FindLiveObjects: 0.449100 ms CreateObjectMapping: 0.228200 ms MarkObjects: 5.141300 ms  DeleteObjects: 0.262200 ms)

========================================================================
Received Import Request.
  Time since last request: 109.002586 seconds.
  path: Assets/PreFabs
  artifactKey: Guid(ac412b97f5ab8f34485cdcc870dc1954) Importer(815301076,1909f56bfc062723c751e8b465ee728b)
Start importing Assets/PreFabs using Guid(ac412b97f5ab8f34485cdcc870dc1954) Importer(815301076,1909f56bfc062723c751e8b465ee728b)  -> (artifact id: 'b3b2f7ac7715cfc25bee35d5ade5e777') in 0.010525 seconds
  Import took 0.014641 seconds .

========================================================================
Received Import Request.
  Time since last request: 0.000827 seconds.
  path: Assets/PreFabs
  artifactKey: Guid(ac412b97f5ab8f34485cdcc870dc1954) Importer(815301076,1909f56bfc062723c751e8b465ee728b)
Start importing Assets/PreFabs using Guid(ac412b97f5ab8f34485cdcc870dc1954) Importer(815301076,1909f56bfc062723c751e8b465ee728b)  -> (artifact id: 'b3b2f7ac7715cfc25bee35d5ade5e777') in 0.004214 seconds
  Import took 0.007177 seconds .

========================================================================
Received Import Request.
  Time since last request: 8.930047 seconds.
  path: Assets/Prefabs
  artifactKey: Guid(ac412b97f5ab8f34485cdcc870dc1954) Importer(815301076,1909f56bfc062723c751e8b465ee728b)
Start importing Assets/Prefabs using Guid(ac412b97f5ab8f34485cdcc870dc1954) Importer(815301076,1909f56bfc062723c751e8b465ee728b)  -> (artifact id: '44c962fe0e88ddbf07d5caef63646afa') in 0.007632 seconds
  Import took 0.011266 seconds .

========================================================================
Received Import Request.
  Time since last request: 9.535526 seconds.
  path: Assets/Prefabs/obstacle.prefab
  artifactKey: Guid(937ca2142c43bce41b2c90d5471f7852) Importer(815301076,1909f56bfc062723c751e8b465ee728b)
Start importing Assets/Prefabs/obstacle.prefab using Guid(937ca2142c43bce41b2c90d5471f7852) Importer(815301076,1909f56bfc062723c751e8b465ee728b)  -> (artifact id: '875557e5913257b525ae1ba06d59fddc') in 0.073547 seconds
  Import took 0.077540 seconds .

========================================================================
Received Import Request.
  Time since last request: 53.449375 seconds.
  path: Assets/Scripts/PipeSpawner.cs
  artifactKey: Guid(6590b23877e22b04abf0d1dc0556d73b) Importer(815301076,1909f56bfc062723c751e8b465ee728b)
Start importing Assets/Scripts/PipeSpawner.cs using Guid(6590b23877e22b04abf0d1dc0556d73b) Importer(815301076,1909f56bfc062723c751e8b465ee728b)  -> (artifact id: '0fe0eef99f62bc0f76bd81e69c05df18') in 0.007916 seconds
  Import took 0.013025 seconds .

========================================================================
Received Prepare
Registering precompiled user dll's ...
Registered in 0.001107 seconds.
Begin MonoManager ReloadAssembly
Native extension for WindowsStandalone target not found
Native extension for WebGL target not found
Refreshing native plugins compatible for Editor in 0.31 ms, found 1 plugins.
Preloading 0 native plugins for Editor in 0.00 ms.
Invoked RoslynAnalysisRunner static constructor.
RoslynAnalysisRunner will not be running.
RoslynAnalysisRunner has terminated.
Mono: successfully reloaded assembly
- Completed reload, in  0.702 seconds
Platform modules already initialized, skipping
Refreshing native plugins compatible for Editor in 0.38 ms, found 1 plugins.
Preloading 0 native plugins for Editor in 0.00 ms.
Unloading 1795 Unused Serialized files (Serialized files now loaded: 0)
System memory in use before: 87.7 MB.
System memory in use after: 87.7 MB.

Unloading 12 unused Assets to reduce memory usage. Loaded Objects now: 2322.
Total: 5.181100 ms (FindLiveObjects: 0.355000 ms CreateObjectMapping: 0.196800 ms MarkObjects: 4.447600 ms  DeleteObjects: 0.179500 ms)

========================================================================
Received Prepare
Registering precompiled user dll's ...
Registered in 0.000955 seconds.
Begin MonoManager ReloadAssembly
Native extension for WindowsStandalone target not found
Native extension for WebGL target not found
Refreshing native plugins compatible for Editor in 0.32 ms, found 1 plugins.
Preloading 0 native plugins for Editor in 0.00 ms.
Invoked RoslynAnalysisRunner static constructor.
RoslynAnalysisRunner will not be running.
RoslynAnalysisRunner has terminated.
Mono: successfully reloaded assembly
- Completed reload, in  0.731 seconds
Platform modules already initialized, skipping
Refreshing native plugins compatible for Editor in 0.35 ms, found 1 plugins.
Preloading 0 native plugins for Editor in 0.00 ms.
Unloading 1795 Unused Serialized files (Serialized files now loaded: 0)
System memory in use before: 87.7 MB.
System memory in use after: 87.7 MB.

Unloading 12 unused Assets to reduce memory usage. Loaded Objects now: 2325.
Total: 1.876300 ms (FindLiveObjects: 0.251600 ms CreateObjectMapping: 0.076000 ms MarkObjects: 1.456800 ms  DeleteObjects: 0.091000 ms)

========================================================================
Received Import Request.
  Time since last request: 143.670811 seconds.
  path: Assets/Scripts/PipeSpawner.cs
  artifactKey: Guid(6590b23877e22b04abf0d1dc0556d73b) Importer(815301076,1909f56bfc062723c751e8b465ee728b)
Start importing Assets/Scripts/PipeSpawner.cs using Guid(6590b23877e22b04abf0d1dc0556d73b) Importer(815301076,1909f56bfc062723c751e8b465ee728b)  -> (artifact id: '455ef93937ca4794618e1e03d6909061') in 0.004411 seconds
  Import took 0.007153 seconds .

========================================================================
Received Prepare
Registering precompiled user dll's ...
Registered in 0.001003 seconds.
Begin MonoManager ReloadAssembly
Native extension for WindowsStandalone target not found
Native extension for WebGL target not found
Refreshing native plugins compatible for Editor in 0.32 ms, found 1 plugins.
Preloading 0 native plugins for Editor in 0.00 ms.
Invoked RoslynAnalysisRunner static constructor.
RoslynAnalysisRunner will not be running.
RoslynAnalysisRunner has terminated.
Mono: successfully reloaded assembly
- Completed reload, in  0.723 seconds
Platform modules already initialized, skipping
Refreshing native plugins compatible for Editor in 0.32 ms, found 1 plugins.
Preloading 0 native plugins for Editor in 0.00 ms.
Unloading 1795 Unused Serialized files (Serialized files now loaded: 0)
System memory in use before: 87.7 MB.
System memory in use after: 87.7 MB.

Unloading 12 unused Assets to reduce memory usage. Loaded Objects now: 2328.
Total: 2.104800 ms (FindLiveObjects: 0.214000 ms CreateObjectMapping: 0.065200 ms MarkObjects: 1.701800 ms  DeleteObjects: 0.095500 ms)

========================================================================
Received Prepare
Registering precompiled user dll's ...
Registered in 0.001048 seconds.
Begin MonoManager ReloadAssembly
Native extension for WindowsStandalone target not found
Native extension for WebGL target not found
Refreshing native plugins compatible for Editor in 0.32 ms, found 1 plugins.
Preloading 0 native plugins for Editor in 0.00 ms.
Invoked RoslynAnalysisRunner static constructor.
RoslynAnalysisRunner will not be running.
RoslynAnalysisRunner has terminated.
Mono: successfully reloaded assembly
- Completed reload, in  0.727 seconds
Platform modules already initialized, skipping
Refreshing native plugins compatible for Editor in 0.35 ms, found 1 plugins.
Preloading 0 native plugins for Editor in 0.00 ms.
Unloading 1795 Unused Serialized files (Serialized files now loaded: 0)
System memory in use before: 87.8 MB.
System memory in use after: 87.7 MB.

Unloading 12 unused Assets to reduce memory usage. Loaded Objects now: 2331.
Total: 2.204300 ms (FindLiveObjects: 0.240500 ms CreateObjectMapping: 0.078800 ms MarkObjects: 1.785600 ms  DeleteObjects: 0.098400 ms)

========================================================================
Received Import Request.
  Time since last request: 192.538297 seconds.
  path: Assets/Scripts/GameControl.cs
  artifactKey: Guid(e3e755b2d7ae54744bccbff4c2534621) Importer(815301076,1909f56bfc062723c751e8b465ee728b)
Start importing Assets/Scripts/GameControl.cs using Guid(e3e755b2d7ae54744bccbff4c2534621) Importer(815301076,1909f56bfc062723c751e8b465ee728b)  -> (artifact id: 'dec697e585a2a20b4b85fd3727544c88') in 0.010951 seconds
  Import took 0.014353 seconds .

========================================================================
Received Prepare
Registering precompiled user dll's ...
Registered in 0.000936 seconds.
Begin MonoManager ReloadAssembly
Native extension for WindowsStandalone target not found
Native extension for WebGL target not found
Refreshing native plugins compatible for Editor in 0.39 ms, found 1 plugins.
Preloading 0 native plugins for Editor in 0.00 ms.
Invoked RoslynAnalysisRunner static constructor.
RoslynAnalysisRunner will not be running.
RoslynAnalysisRunner has terminated.
Mono: successfully reloaded assembly
- Completed reload, in  0.719 seconds
Platform modules already initialized, skipping
Refreshing native plugins compatible for Editor in 0.30 ms, found 1 plugins.
Preloading 0 native plugins for Editor in 0.00 ms.
Unloading 1796 Unused Serialized files (Serialized files now loaded: 0)
System memory in use before: 87.8 MB.
System memory in use after: 87.8 MB.

Unloading 12 unused Assets to reduce memory usage. Loaded Objects now: 2335.
Total: 5.178600 ms (FindLiveObjects: 0.383400 ms CreateObjectMapping: 0.161800 ms MarkObjects: 4.412100 ms  DeleteObjects: 0.219300 ms)

========================================================================
Received Prepare
Registering precompiled user dll's ...
Registered in 0.000989 seconds.
Begin MonoManager ReloadAssembly
Native extension for WindowsStandalone target not found
Native extension for WebGL target not found
Refreshing native plugins compatible for Editor in 0.31 ms, found 1 plugins.
Preloading 0 native plugins for Editor in 0.00 ms.
Invoked RoslynAnalysisRunner static constructor.
RoslynAnalysisRunner will not be running.
RoslynAnalysisRunner has terminated.
Mono: successfully reloaded assembly
- Completed reload, in  0.704 seconds
Platform modules already initialized, skipping
Refreshing native plugins compatible for Editor in 0.30 ms, found 1 plugins.
Preloading 0 native plugins for Editor in 0.00 ms.
Unloading 1796 Unused Serialized files (Serialized files now loaded: 0)
System memory in use before: 87.8 MB.
System memory in use after: 87.8 MB.

Unloading 12 unused Assets to reduce memory usage. Loaded Objects now: 2338.
Total: 4.540000 ms (FindLiveObjects: 0.549700 ms CreateObjectMapping: 0.199600 ms MarkObjects: 3.614200 ms  DeleteObjects: 0.174200 ms)

========================================================================
Received Import Request.
  Time since last request: 190.057848 seconds.
  path: Assets/Scripts/GameControl.cs
  artifactKey: Guid(e3e755b2d7ae54744bccbff4c2534621) Importer(815301076,1909f56bfc062723c751e8b465ee728b)
Start importing Assets/Scripts/GameControl.cs using Guid(e3e755b2d7ae54744bccbff4c2534621) Importer(815301076,1909f56bfc062723c751e8b465ee728b)  -> (artifact id: '5496e434e1b869567f8d30403c167e38') in 0.013560 seconds
  Import took 0.020112 seconds .

========================================================================
Received Prepare
Registering precompiled user dll's ...
Registered in 0.000965 seconds.
Begin MonoManager ReloadAssembly
Native extension for WindowsStandalone target not found
Native extension for WebGL target not found
Refreshing native plugins compatible for Editor in 0.33 ms, found 1 plugins.
Preloading 0 native plugins for Editor in 0.00 ms.
Invoked RoslynAnalysisRunner static constructor.
RoslynAnalysisRunner will not be running.
RoslynAnalysisRunner has terminated.
Mono: successfully reloaded assembly
- Completed reload, in  0.736 seconds
Platform modules already initialized, skipping
Refreshing native plugins compatible for Editor in 0.31 ms, found 1 plugins.
Preloading 0 native plugins for Editor in 0.00 ms.
Unloading 1796 Unused Serialized files (Serialized files now loaded: 0)
System memory in use before: 87.8 MB.
System memory in use after: 87.8 MB.

Unloading 12 unused Assets to reduce memory usage. Loaded Objects now: 2341.
Total: 5.976600 ms (FindLiveObjects: 0.537700 ms CreateObjectMapping: 0.201000 ms MarkObjects: 4.975200 ms  DeleteObjects: 0.259700 ms)

========================================================================
Received Import Request.
  Time since last request: 93.734555 seconds.
  path: Assets/Scripts/PlayerControl.cs
  artifactKey: Guid(2b99c5d6431d61349b2d6e32e73b8363) Importer(815301076,1909f56bfc062723c751e8b465ee728b)
Start importing Assets/Scripts/PlayerControl.cs using Guid(2b99c5d6431d61349b2d6e32e73b8363) Importer(815301076,1909f56bfc062723c751e8b465ee728b)  -> (artifact id: 'fe448c684d1d22c05c4d6471314a1c69') in 0.015347 seconds
  Import took 0.021230 seconds .

========================================================================
Received Prepare
Registering precompiled user dll's ...
Registered in 0.001123 seconds.
Begin MonoManager ReloadAssembly
Native extension for WindowsStandalone target not found
Native extension for WebGL target not found
Refreshing native plugins compatible for Editor in 0.31 ms, found 1 plugins.
Preloading 0 native plugins for Editor in 0.00 ms.
Invoked RoslynAnalysisRunner static constructor.
RoslynAnalysisRunner will not be running.
RoslynAnalysisRunner has terminated.
Mono: successfully reloaded assembly
- Completed reload, in  0.712 seconds
Platform modules already initialized, skipping
Refreshing native plugins compatible for Editor in 0.31 ms, found 1 plugins.
Preloading 0 native plugins for Editor in 0.00 ms.
Unloading 1796 Unused Serialized files (Serialized files now loaded: 0)
System memory in use before: 87.8 MB.
System memory in use after: 87.8 MB.

Unloading 12 unused Assets to reduce memory usage. Loaded Objects now: 2344.
Total: 4.911900 ms (FindLiveObjects: 0.433300 ms CreateObjectMapping: 0.200500 ms MarkObjects: 4.070200 ms  DeleteObjects: 0.201100 ms)

========================================================================
Received Import Request.
  Time since last request: 76.232412 seconds.
  path: Assets/Scenes/loseScene.unity
  artifactKey: Guid(a544881b1c6501145b32a41317ed574f) Importer(815301076,1909f56bfc062723c751e8b465ee728b)
Start importing Assets/Scenes/loseScene.unity using Guid(a544881b1c6501145b32a41317ed574f) Importer(815301076,1909f56bfc062723c751e8b465ee728b)  -> (artifact id: '68ac278b823d05a01a75c8b3de7392b1') in 0.014897 seconds
  Import took 0.019733 seconds .

========================================================================
Received Prepare
Registering precompiled user dll's ...
Registered in 0.001399 seconds.
Begin MonoManager ReloadAssembly
Native extension for WindowsStandalone target not found
Native extension for WebGL target not found
Refreshing native plugins compatible for Editor in 0.33 ms, found 1 plugins.
Preloading 0 native plugins for Editor in 0.00 ms.
Invoked RoslynAnalysisRunner static constructor.
RoslynAnalysisRunner will not be running.
RoslynAnalysisRunner has terminated.
Mono: successfully reloaded assembly
- Completed reload, in  0.717 seconds
Platform modules already initialized, skipping
Refreshing native plugins compatible for Editor in 0.29 ms, found 1 plugins.
Preloading 0 native plugins for Editor in 0.00 ms.
Unloading 1796 Unused Serialized files (Serialized files now loaded: 0)
System memory in use before: 87.8 MB.
System memory in use after: 87.8 MB.

Unloading 12 unused Assets to reduce memory usage. Loaded Objects now: 2347.
Total: 1.945600 ms (FindLiveObjects: 0.275600 ms CreateObjectMapping: 0.049200 ms MarkObjects: 1.531300 ms  DeleteObjects: 0.088600 ms)

========================================================================
Received Import Request.
  Time since last request: 111.157518 seconds.
  path: Assets/Scripts/GameControl.cs
  artifactKey: Guid(e3e755b2d7ae54744bccbff4c2534621) Importer(815301076,1909f56bfc062723c751e8b465ee728b)
Start importing Assets/Scripts/GameControl.cs using Guid(e3e755b2d7ae54744bccbff4c2534621) Importer(815301076,1909f56bfc062723c751e8b465ee728b)  -> (artifact id: '504be601b6a203b05b98f8f990c538f7') in 0.007175 seconds
  Import took 0.011444 seconds .

========================================================================
Received Prepare
Registering precompiled user dll's ...
Registered in 0.001760 seconds.
Begin MonoManager ReloadAssembly
Native extension for WindowsStandalone target not found
Native extension for WebGL target not found
Refreshing native plugins compatible for Editor in 0.41 ms, found 1 plugins.
Preloading 0 native plugins for Editor in 0.00 ms.
Invoked RoslynAnalysisRunner static constructor.
RoslynAnalysisRunner will not be running.
RoslynAnalysisRunner has terminated.
Mono: successfully reloaded assembly
- Completed reload, in  0.922 seconds
Platform modules already initialized, skipping
Refreshing native plugins compatible for Editor in 0.35 ms, found 1 plugins.
Preloading 0 native plugins for Editor in 0.00 ms.
Unloading 1796 Unused Serialized files (Serialized files now loaded: 0)
System memory in use before: 87.8 MB.
System memory in use after: 87.8 MB.

Unloading 12 unused Assets to reduce memory usage. Loaded Objects now: 2350.
Total: 2.184500 ms (FindLiveObjects: 0.268900 ms CreateObjectMapping: 0.065300 ms MarkObjects: 1.746600 ms  DeleteObjects: 0.102700 ms)

========================================================================
Received Prepare
Registering precompiled user dll's ...
Registered in 0.000934 seconds.
Begin MonoManager ReloadAssembly
Native extension for WindowsStandalone target not found
Native extension for WebGL target not found
Refreshing native plugins compatible for Editor in 0.33 ms, found 1 plugins.
Preloading 0 native plugins for Editor in 0.00 ms.
Invoked RoslynAnalysisRunner static constructor.
RoslynAnalysisRunner will not be running.
RoslynAnalysisRunner has terminated.
Mono: successfully reloaded assembly
- Completed reload, in  0.788 seconds
Platform modules already initialized, skipping
Refreshing native plugins compatible for Editor in 0.31 ms, found 1 plugins.
Preloading 0 native plugins for Editor in 0.00 ms.
Unloading 1796 Unused Serialized files (Serialized files now loaded: 0)
System memory in use before: 87.8 MB.
System memory in use after: 87.8 MB.

Unloading 12 unused Assets to reduce memory usage. Loaded Objects now: 2353.
Total: 2.185000 ms (FindLiveObjects: 0.173000 ms CreateObjectMapping: 0.057100 ms MarkObjects: 1.865600 ms  DeleteObjects: 0.088600 ms)

========================================================================
Received Prepare
Registering precompiled user dll's ...
Registered in 0.001075 seconds.
Begin MonoManager ReloadAssembly
Native extension for WindowsStandalone target not found
Native extension for WebGL target not found
Refreshing native plugins compatible for Editor in 0.31 ms, found 1 plugins.
Preloading 0 native plugins for Editor in 0.00 ms.
Invoked RoslynAnalysisRunner static constructor.
RoslynAnalysisRunner will not be running.
RoslynAnalysisRunner has terminated.
Mono: successfully reloaded assembly
- Completed reload, in  0.696 seconds
Platform modules already initialized, skipping
Refreshing native plugins compatible for Editor in 0.30 ms, found 1 plugins.
Preloading 0 native plugins for Editor in 0.00 ms.
Unloading 1796 Unused Serialized files (Serialized files now loaded: 0)
System memory in use before: 87.8 MB.
System memory in use after: 87.8 MB.

Unloading 12 unused Assets to reduce memory usage. Loaded Objects now: 2356.
Total: 5.146700 ms (FindLiveObjects: 0.420200 ms CreateObjectMapping: 0.192400 ms MarkObjects: 4.283200 ms  DeleteObjects: 0.248300 ms)

========================================================================
Received Prepare
Registering precompiled user dll's ...
Registered in 0.000948 seconds.
Begin MonoManager ReloadAssembly
Native extension for WindowsStandalone target not found
Native extension for WebGL target not found
Refreshing native plugins compatible for Editor in 0.37 ms, found 1 plugins.
Preloading 0 native plugins for Editor in 0.00 ms.
Invoked RoslynAnalysisRunner static constructor.
RoslynAnalysisRunner will not be running.
RoslynAnalysisRunner has terminated.
Mono: successfully reloaded assembly
- Completed reload, in  0.714 seconds
Platform modules already initialized, skipping
Refreshing native plugins compatible for Editor in 0.31 ms, found 1 plugins.
Preloading 0 native plugins for Editor in 0.00 ms.
Unloading 1796 Unused Serialized files (Serialized files now loaded: 0)
System memory in use before: 87.9 MB.
System memory in use after: 87.8 MB.

Unloading 12 unused Assets to reduce memory usage. Loaded Objects now: 2359.
Total: 1.982800 ms (FindLiveObjects: 0.243400 ms CreateObjectMapping: 0.053600 ms MarkObjects: 1.591900 ms  DeleteObjects: 0.093100 ms)

========================================================================
Received Prepare
Registering precompiled user dll's ...
Registered in 0.001081 seconds.
Begin MonoManager ReloadAssembly
Native extension for WindowsStandalone target not found
Native extension for WebGL target not found
Refreshing native plugins compatible for Editor in 0.34 ms, found 1 plugins.
Preloading 0 native plugins for Editor in 0.00 ms.
Invoked RoslynAnalysisRunner static constructor.
RoslynAnalysisRunner will not be running.
RoslynAnalysisRunner has terminated.
Mono: successfully reloaded assembly
- Completed reload, in  0.727 seconds
Platform modules already initialized, skipping
Refreshing native plugins compatible for Editor in 0.34 ms, found 1 plugins.
Preloading 0 native plugins for Editor in 0.00 ms.
Unloading 1796 Unused Serialized files (Serialized files now loaded: 0)
System memory in use before: 87.9 MB.
System memory in use after: 87.9 MB.

Unloading 12 unused Assets to reduce memory usage. Loaded Objects now: 2362.
Total: 1.911500 ms (FindLiveObjects: 0.224000 ms CreateObjectMapping: 0.074400 ms MarkObjects: 1.440400 ms  DeleteObjects: 0.171900 ms)

========================================================================
Received Prepare
Registering precompiled user dll's ...
Registered in 0.000947 seconds.
Begin MonoManager ReloadAssembly
Native extension for WindowsStandalone target not found
Native extension for WebGL target not found
Refreshing native plugins compatible for Editor in 0.41 ms, found 1 plugins.
Preloading 0 native plugins for Editor in 0.00 ms.
Invoked RoslynAnalysisRunner static constructor.
RoslynAnalysisRunner will not be running.
RoslynAnalysisRunner has terminated.
Mono: successfully reloaded assembly
- Completed reload, in  0.712 seconds
Platform modules already initialized, skipping
Refreshing native plugins compatible for Editor in 0.32 ms, found 1 plugins.
Preloading 0 native plugins for Editor in 0.00 ms.
Unloading 1796 Unused Serialized files (Serialized files now loaded: 0)
System memory in use before: 87.9 MB.
System memory in use after: 87.9 MB.

Unloading 12 unused Assets to reduce memory usage. Loaded Objects now: 2365.
Total: 1.819300 ms (FindLiveObjects: 0.185100 ms CreateObjectMapping: 0.056400 ms MarkObjects: 1.444500 ms  DeleteObjects: 0.132500 ms)

========================================================================
Received Prepare
Registering precompiled user dll's ...
Registered in 0.001019 seconds.
Begin MonoManager ReloadAssembly
Native extension for WindowsStandalone target not found
Native extension for WebGL target not found
Refreshing native plugins compatible for Editor in 0.31 ms, found 1 plugins.
Preloading 0 native plugins for Editor in 0.00 ms.
Invoked RoslynAnalysisRunner static constructor.
RoslynAnalysisRunner will not be running.
RoslynAnalysisRunner has terminated.
Mono: successfully reloaded assembly
- Completed reload, in  0.734 seconds
Platform modules already initialized, skipping
Refreshing native plugins compatible for Editor in 0.30 ms, found 1 plugins.
Preloading 0 native plugins for Editor in 0.00 ms.
Unloading 1796 Unused Serialized files (Serialized files now loaded: 0)
System memory in use before: 87.9 MB.
System memory in use after: 87.9 MB.

Unloading 12 unused Assets to reduce memory usage. Loaded Objects now: 2368.
Total: 1.863300 ms (FindLiveObjects: 0.187700 ms CreateObjectMapping: 0.055600 ms MarkObjects: 1.534400 ms  DeleteObjects: 0.084500 ms)

========================================================================
Received Import Request.
  Time since last request: 159.742555 seconds.
  path: Assets/Scripts/ScoreDisplay.cs
  artifactKey: Guid(1aff5fc05eb079b43bd92c8a127baa08) Importer(815301076,1909f56bfc062723c751e8b465ee728b)
Start importing Assets/Scripts/ScoreDisplay.cs using Guid(1aff5fc05eb079b43bd92c8a127baa08) Importer(815301076,1909f56bfc062723c751e8b465ee728b)  -> (artifact id: '15d451223a3c7166a98abea94e9da34a') in 0.011762 seconds
  Import took 0.017041 seconds .

========================================================================
Received Prepare
Registering precompiled user dll's ...
Registered in 0.001205 seconds.
Begin MonoManager ReloadAssembly
Native extension for WindowsStandalone target not found
Native extension for WebGL target not found
Refreshing native plugins compatible for Editor in 0.31 ms, found 1 plugins.
Preloading 0 native plugins for Editor in 0.00 ms.
Invoked RoslynAnalysisRunner static constructor.
RoslynAnalysisRunner will not be running.
RoslynAnalysisRunner has terminated.
Mono: successfully reloaded assembly
- Completed reload, in  0.751 seconds
Platform modules already initialized, skipping
Refreshing native plugins compatible for Editor in 0.31 ms, found 1 plugins.
Preloading 0 native plugins for Editor in 0.00 ms.
Unloading 1797 Unused Serialized files (Serialized files now loaded: 0)
System memory in use before: 87.9 MB.
System memory in use after: 87.9 MB.

Unloading 12 unused Assets to reduce memory usage. Loaded Objects now: 2372.
Total: 5.275500 ms (FindLiveObjects: 0.432900 ms CreateObjectMapping: 0.199600 ms MarkObjects: 4.391000 ms  DeleteObjects: 0.249800 ms)

========================================================================
Received Prepare
Registering precompiled user dll's ...
Registered in 0.001005 seconds.
Begin MonoManager ReloadAssembly
Native extension for WindowsStandalone target not found
Native extension for WebGL target not found
Refreshing native plugins compatible for Editor in 0.32 ms, found 1 plugins.
Preloading 0 native plugins for Editor in 0.00 ms.
Invoked RoslynAnalysisRunner static constructor.
RoslynAnalysisRunner will not be running.
RoslynAnalysisRunner has terminated.
Mono: successfully reloaded assembly
- Completed reload, in  0.824 seconds
Platform modules already initialized, skipping
Refreshing native plugins compatible for Editor in 0.31 ms, found 1 plugins.
Preloading 0 native plugins for Editor in 0.00 ms.
Unloading 1797 Unused Serialized files (Serialized files now loaded: 0)
System memory in use before: 87.9 MB.
System memory in use after: 87.9 MB.

Unloading 12 unused Assets to reduce memory usage. Loaded Objects now: 2375.
Total: 2.123800 ms (FindLiveObjects: 0.208200 ms CreateObjectMapping: 0.064200 ms MarkObjects: 1.752500 ms  DeleteObjects: 0.097900 ms)

========================================================================
Received Prepare
Registering precompiled user dll's ...
Registered in 0.001092 seconds.
Begin MonoManager ReloadAssembly
Native extension for WindowsStandalone target not found
Native extension for WebGL target not found
Refreshing native plugins compatible for Editor in 0.32 ms, found 1 plugins.
Preloading 0 native plugins for Editor in 0.00 ms.
Invoked RoslynAnalysisRunner static constructor.
RoslynAnalysisRunner will not be running.
RoslynAnalysisRunner has terminated.
Mono: successfully reloaded assembly
- Completed reload, in  0.735 seconds
Platform modules already initialized, skipping
Refreshing native plugins compatible for Editor in 0.31 ms, found 1 plugins.
Preloading 0 native plugins for Editor in 0.00 ms.
Unloading 1797 Unused Serialized files (Serialized files now loaded: 0)
System memory in use before: 87.9 MB.
System memory in use after: 87.9 MB.

Unloading 12 unused Assets to reduce memory usage. Loaded Objects now: 2378.
Total: 4.859600 ms (FindLiveObjects: 0.429000 ms CreateObjectMapping: 0.192800 ms MarkObjects: 3.956100 ms  DeleteObjects: 0.279100 ms)

========================================================================
Received Import Request.
  Time since last request: 128.868474 seconds.
  path: Assets/Scripts/ReplayButton.cs
  artifactKey: Guid(abfbef1642f6d4946b3962a230dadfd6) Importer(815301076,1909f56bfc062723c751e8b465ee728b)
Start importing Assets/Scripts/ReplayButton.cs using Guid(abfbef1642f6d4946b3962a230dadfd6) Importer(815301076,1909f56bfc062723c751e8b465ee728b)  -> (artifact id: '58362ec72e38ee4b32f1218d65e72dea') in 0.012061 seconds
  Import took 0.015269 seconds .

========================================================================
Received Prepare
Registering precompiled user dll's ...
Registered in 0.000901 seconds.
Begin MonoManager ReloadAssembly
Native extension for WindowsStandalone target not found
Native extension for WebGL target not found
Refreshing native plugins compatible for Editor in 0.32 ms, found 1 plugins.
Preloading 0 native plugins for Editor in 0.00 ms.
Invoked RoslynAnalysisRunner static constructor.
RoslynAnalysisRunner will not be running.
RoslynAnalysisRunner has terminated.
Mono: successfully reloaded assembly
- Completed reload, in  0.712 seconds
Platform modules already initialized, skipping
Refreshing native plugins compatible for Editor in 0.30 ms, found 1 plugins.
Preloading 0 native plugins for Editor in 0.00 ms.
Unloading 1798 Unused Serialized files (Serialized files now loaded: 0)
System memory in use before: 88.0 MB.
System memory in use after: 87.9 MB.

Unloading 12 unused Assets to reduce memory usage. Loaded Objects now: 2382.
Total: 5.078100 ms (FindLiveObjects: 0.436800 ms CreateObjectMapping: 0.207400 ms MarkObjects: 4.296200 ms  DeleteObjects: 0.136100 ms)

========================================================================
Received Prepare
Registering precompiled user dll's ...
Registered in 0.000946 seconds.
Begin MonoManager ReloadAssembly
Native extension for WindowsStandalone target not found
Native extension for WebGL target not found
Refreshing native plugins compatible for Editor in 0.31 ms, found 1 plugins.
Preloading 0 native plugins for Editor in 0.00 ms.
Invoked RoslynAnalysisRunner static constructor.
RoslynAnalysisRunner will not be running.
RoslynAnalysisRunner has terminated.
Mono: successfully reloaded assembly
- Completed reload, in  0.727 seconds
Platform modules already initialized, skipping
Refreshing native plugins compatible for Editor in 0.30 ms, found 1 plugins.
Preloading 0 native plugins for Editor in 0.00 ms.
Unloading 1798 Unused Serialized files (Serialized files now loaded: 0)
System memory in use before: 88.0 MB.
System memory in use after: 88.0 MB.

Unloading 12 unused Assets to reduce memory usage. Loaded Objects now: 2385.
Total: 1.756700 ms (FindLiveObjects: 0.166500 ms CreateObjectMapping: 0.054200 ms MarkObjects: 1.453600 ms  DeleteObjects: 0.081700 ms)

========================================================================
Received Import Request.
  Time since last request: 26.597852 seconds.
  path: Assets/Scripts/ReplayButton.cs
  artifactKey: Guid(abfbef1642f6d4946b3962a230dadfd6) Importer(815301076,1909f56bfc062723c751e8b465ee728b)
Start importing Assets/Scripts/ReplayButton.cs using Guid(abfbef1642f6d4946b3962a230dadfd6) Importer(815301076,1909f56bfc062723c751e8b465ee728b)  -> (artifact id: '8590feac140f301af8813cbb250df262') in 0.004030 seconds
  Import took 0.008133 seconds .

========================================================================
Received Import Request.
  Time since last request: 89.242705 seconds.
  path: Assets/Scenes/gameScene.unity
  artifactKey: Guid(2cda990e2423bbf4892e6590ba056729) Importer(815301076,1909f56bfc062723c751e8b465ee728b)
Start importing Assets/Scenes/gameScene.unity using Guid(2cda990e2423bbf4892e6590ba056729) Importer(815301076,1909f56bfc062723c751e8b465ee728b)  -> (artifact id: '444706ce7aa34c4c8e22674b86197591') in 0.015163 seconds
  Import took 0.018652 seconds .

========================================================================
Received Prepare
Registering precompiled user dll's ...
Registered in 0.001017 seconds.
Begin MonoManager ReloadAssembly
Native extension for WindowsStandalone target not found
Native extension for WebGL target not found
Refreshing native plugins compatible for Editor in 0.37 ms, found 1 plugins.
Preloading 0 native plugins for Editor in 0.00 ms.
Invoked RoslynAnalysisRunner static constructor.
RoslynAnalysisRunner will not be running.
RoslynAnalysisRunner has terminated.
Mono: successfully reloaded assembly
- Completed reload, in  0.761 seconds
Platform modules already initialized, skipping
Refreshing native plugins compatible for Editor in 0.30 ms, found 1 plugins.
Preloading 0 native plugins for Editor in 0.00 ms.
Unloading 1798 Unused Serialized files (Serialized files now loaded: 0)
System memory in use before: 88.0 MB.
System memory in use after: 88.0 MB.

Unloading 12 unused Assets to reduce memory usage. Loaded Objects now: 2388.
Total: 2.018700 ms (FindLiveObjects: 0.197400 ms CreateObjectMapping: 0.064100 ms MarkObjects: 1.658400 ms  DeleteObjects: 0.097300 ms)

========================================================================
Received Import Request.
  Time since last request: 63.225759 seconds.
  path: Assets/Materials
  artifactKey: Guid(f48877bc89ad72049909cf00480bde16) Importer(815301076,1909f56bfc062723c751e8b465ee728b)
Start importing Assets/Materials using Guid(f48877bc89ad72049909cf00480bde16) Importer(815301076,1909f56bfc062723c751e8b465ee728b)  -> (artifact id: '03fa4a2dd6ef7450cde05e0e40d16a32') in 0.010283 seconds
  Import took 0.013394 seconds .

========================================================================
Received Import Request.
  Time since last request: 25.700422 seconds.
  path: Assets/Materials/bgMat.mat
  artifactKey: Guid(062e161470fefd04e8009125069c1b68) Importer(815301076,1909f56bfc062723c751e8b465ee728b)
Start importing Assets/Materials/bgMat.mat using Guid(062e161470fefd04e8009125069c1b68) Importer(815301076,1909f56bfc062723c751e8b465ee728b)  -> (artifact id: '657f811cb6fb6e3b7d2bbfa51a1bf335') in 0.077066 seconds
  Import took 0.080296 seconds .

========================================================================
Received Import Request.
  Time since last request: 119.044189 seconds.
  path: Assets/Sprites/background.png
  artifactKey: Guid(79f570c7305686d4eabc96196c2984a1) Importer(815301076,1909f56bfc062723c751e8b465ee728b)
Start importing Assets/Sprites/background.png using Guid(79f570c7305686d4eabc96196c2984a1) Importer(815301076,1909f56bfc062723c751e8b465ee728b)  -> (artifact id: '6cd58d3ad38dc8e530261005bdb3d738') in 0.033552 seconds
  Import took 0.037389 seconds .

========================================================================
Received Import Request.
  Time since last request: 30.920506 seconds.
  path: Assets/Scripts/BackgroundScroll.cs
  artifactKey: Guid(47ae757877f56664b8a05fb1567eaad5) Importer(815301076,1909f56bfc062723c751e8b465ee728b)
Start importing Assets/Scripts/BackgroundScroll.cs using Guid(47ae757877f56664b8a05fb1567eaad5) Importer(815301076,1909f56bfc062723c751e8b465ee728b)  -> (artifact id: 'b942043fa521ebcf206b43670c36cddb') in 0.008524 seconds
  Import took 0.011931 seconds .

========================================================================
Received Prepare
Registering precompiled user dll's ...
Registered in 0.001163 seconds.
Begin MonoManager ReloadAssembly
Native extension for WindowsStandalone target not found
Native extension for WebGL target not found
Refreshing native plugins compatible for Editor in 0.31 ms, found 1 plugins.
Preloading 0 native plugins for Editor in 0.00 ms.
Invoked RoslynAnalysisRunner static constructor.
RoslynAnalysisRunner will not be running.
RoslynAnalysisRunner has terminated.
Mono: successfully reloaded assembly
- Completed reload, in  0.724 seconds
Platform modules already initialized, skipping
Refreshing native plugins compatible for Editor in 0.39 ms, found 1 plugins.
Preloading 0 native plugins for Editor in 0.00 ms.
Unloading 1799 Unused Serialized files (Serialized files now loaded: 0)
System memory in use before: 88.3 MB.
System memory in use after: 88.3 MB.

Unloading 12 unused Assets to reduce memory usage. Loaded Objects now: 2426.
Total: 2.850200 ms (FindLiveObjects: 0.298800 ms CreateObjectMapping: 0.094000 ms MarkObjects: 2.363600 ms  DeleteObjects: 0.092600 ms)

========================================================================
Received Prepare
Registering precompiled user dll's ...
Registered in 0.000982 seconds.
Begin MonoManager ReloadAssembly
Native extension for WindowsStandalone target not found
Native extension for WebGL target not found
Refreshing native plugins compatible for Editor in 0.33 ms, found 1 plugins.
Preloading 0 native plugins for Editor in 0.00 ms.
Invoked RoslynAnalysisRunner static constructor.
RoslynAnalysisRunner will not be running.
RoslynAnalysisRunner has terminated.
Mono: successfully reloaded assembly
- Completed reload, in  0.749 seconds
Platform modules already initialized, skipping
Refreshing native plugins compatible for Editor in 0.32 ms, found 1 plugins.
Preloading 0 native plugins for Editor in 0.00 ms.
Unloading 1799 Unused Serialized files (Serialized files now loaded: 0)
System memory in use before: 88.3 MB.
System memory in use after: 88.3 MB.

Unloading 12 unused Assets to reduce memory usage. Loaded Objects now: 2429.
Total: 2.063400 ms (FindLiveObjects: 0.185500 ms CreateObjectMapping: 0.068300 ms MarkObjects: 1.720900 ms  DeleteObjects: 0.088000 ms)

========================================================================
Received Prepare
Registering precompiled user dll's ...
Registered in 0.001342 seconds.
Begin MonoManager ReloadAssembly
Native extension for WindowsStandalone target not found
Native extension for WebGL target not found
Refreshing native plugins compatible for Editor in 0.31 ms, found 1 plugins.
Preloading 0 native plugins for Editor in 0.00 ms.
Invoked RoslynAnalysisRunner static constructor.
RoslynAnalysisRunner will not be running.
RoslynAnalysisRunner has terminated.
Mono: successfully reloaded assembly
- Completed reload, in  0.711 seconds
Platform modules already initialized, skipping
Refreshing native plugins compatible for Editor in 0.30 ms, found 1 plugins.
Preloading 0 native plugins for Editor in 0.00 ms.
Unloading 1799 Unused Serialized files (Serialized files now loaded: 0)
System memory in use before: 88.3 MB.
System memory in use after: 88.3 MB.

Unloading 12 unused Assets to reduce memory usage. Loaded Objects now: 2432.
Total: 4.105000 ms (FindLiveObjects: 0.339600 ms CreateObjectMapping: 0.141100 ms MarkObjects: 3.441600 ms  DeleteObjects: 0.181300 ms)

========================================================================
Received Import Request.
  Time since last request: 179.287038 seconds.
  path: Assets/Scripts/SpriteAnimation.cs
  artifactKey: Guid(3b2cf99266e25c24fa40fbac962744cf) Importer(815301076,1909f56bfc062723c751e8b465ee728b)
Start importing Assets/Scripts/SpriteAnimation.cs using Guid(3b2cf99266e25c24fa40fbac962744cf) Importer(815301076,1909f56bfc062723c751e8b465ee728b)  -> (artifact id: '1883c73d6b5997ae8601fd4160a91339') in 0.010396 seconds
  Import took 0.013282 seconds .

========================================================================
Received Prepare
Registering precompiled user dll's ...
Registered in 0.001105 seconds.
Begin MonoManager ReloadAssembly
Native extension for WindowsStandalone target not found
Native extension for WebGL target not found
Refreshing native plugins compatible for Editor in 0.31 ms, found 1 plugins.
Preloading 0 native plugins for Editor in 0.00 ms.
Invoked RoslynAnalysisRunner static constructor.
RoslynAnalysisRunner will not be running.
RoslynAnalysisRunner has terminated.
Mono: successfully reloaded assembly
- Completed reload, in  0.730 seconds
Platform modules already initialized, skipping
Refreshing native plugins compatible for Editor in 0.36 ms, found 1 plugins.
Preloading 0 native plugins for Editor in 0.00 ms.
Unloading 1800 Unused Serialized files (Serialized files now loaded: 0)
System memory in use before: 88.3 MB.
System memory in use after: 88.3 MB.

Unloading 12 unused Assets to reduce memory usage. Loaded Objects now: 2436.
Total: 7.100600 ms (FindLiveObjects: 0.533300 ms CreateObjectMapping: 0.224600 ms MarkObjects: 6.058300 ms  DeleteObjects: 0.281600 ms)

========================================================================
Received Prepare
Registering precompiled user dll's ...
Registered in 0.000914 seconds.
Begin MonoManager ReloadAssembly
Native extension for WindowsStandalone target not found
Native extension for WebGL target not found
Refreshing native plugins compatible for Editor in 0.32 ms, found 1 plugins.
Preloading 0 native plugins for Editor in 0.00 ms.
Invoked RoslynAnalysisRunner static constructor.
RoslynAnalysisRunner will not be running.
RoslynAnalysisRunner has terminated.
Mono: successfully reloaded assembly
- Completed reload, in  0.727 seconds
Platform modules already initialized, skipping
Refreshing native plugins compatible for Editor in 0.31 ms, found 1 plugins.
Preloading 0 native plugins for Editor in 0.00 ms.
Unloading 1799 Unused Serialized files (Serialized files now loaded: 0)
System memory in use before: 88.3 MB.
System memory in use after: 88.3 MB.

Unloading 13 unused Assets to reduce memory usage. Loaded Objects now: 2438.
Total: 2.185100 ms (FindLiveObjects: 0.235500 ms CreateObjectMapping: 0.072200 ms MarkObjects: 1.777200 ms  DeleteObjects: 0.099400 ms)

========================================================================
Received Import Request.
  Time since last request: 16.075274 seconds.
  path: Assets/Scripts/SpriteAnimator.cs
  artifactKey: Guid(0d2b9b458a192c14bb110f5682c58dd0) Importer(815301076,1909f56bfc062723c751e8b465ee728b)
Start importing Assets/Scripts/SpriteAnimator.cs using Guid(0d2b9b458a192c14bb110f5682c58dd0) Importer(815301076,1909f56bfc062723c751e8b465ee728b)  -> (artifact id: 'fab1bd8b3d08c543d5561d9ed1f4e0d5') in 0.012791 seconds
  Import took 0.017768 seconds .

========================================================================
Received Prepare
Registering precompiled user dll's ...
Registered in 0.000878 seconds.
Begin MonoManager ReloadAssembly
Native extension for WindowsStandalone target not found
Native extension for WebGL target not found
Refreshing native plugins compatible for Editor in 0.31 ms, found 1 plugins.
Preloading 0 native plugins for Editor in 0.00 ms.
Invoked RoslynAnalysisRunner static constructor.
RoslynAnalysisRunner will not be running.
RoslynAnalysisRunner has terminated.
Mono: successfully reloaded assembly
- Completed reload, in  0.694 seconds
Platform modules already initialized, skipping
Refreshing native plugins compatible for Editor in 0.29 ms, found 1 plugins.
Preloading 0 native plugins for Editor in 0.00 ms.
Unloading 1800 Unused Serialized files (Serialized files now loaded: 0)
System memory in use before: 88.3 MB.
System memory in use after: 88.3 MB.

Unloading 12 unused Assets to reduce memory usage. Loaded Objects now: 2442.
Total: 5.197100 ms (FindLiveObjects: 0.414600 ms CreateObjectMapping: 0.182800 ms MarkObjects: 4.367400 ms  DeleteObjects: 0.229400 ms)

========================================================================
Received Prepare
Registering precompiled user dll's ...
Registered in 0.001005 seconds.
Begin MonoManager ReloadAssembly
Native extension for WindowsStandalone target not found
Native extension for WebGL target not found
Refreshing native plugins compatible for Editor in 0.32 ms, found 1 plugins.
Preloading 0 native plugins for Editor in 0.00 ms.
Invoked RoslynAnalysisRunner static constructor.
RoslynAnalysisRunner will not be running.
RoslynAnalysisRunner has terminated.
Mono: successfully reloaded assembly
- Completed reload, in  0.767 seconds
Platform modules already initialized, skipping
Refreshing native plugins compatible for Editor in 0.33 ms, found 1 plugins.
Preloading 0 native plugins for Editor in 0.00 ms.
Unloading 1800 Unused Serialized files (Serialized files now loaded: 0)
System memory in use before: 88.3 MB.
System memory in use after: 88.3 MB.

Unloading 12 unused Assets to reduce memory usage. Loaded Objects now: 2445.
Total: 2.542900 ms (FindLiveObjects: 0.465700 ms CreateObjectMapping: 0.163200 ms MarkObjects: 1.771800 ms  DeleteObjects: 0.140500 ms)

========================================================================
Received Prepare
Registering precompiled user dll's ...
Registered in 0.001045 seconds.
Begin MonoManager ReloadAssembly
Native extension for WindowsStandalone target not found
Native extension for WebGL target not found
Refreshing native plugins compatible for Editor in 0.48 ms, found 1 plugins.
Preloading 0 native plugins for Editor in 0.00 ms.
Invoked RoslynAnalysisRunner static constructor.
RoslynAnalysisRunner will not be running.
RoslynAnalysisRunner has terminated.
Mono: successfully reloaded assembly
- Completed reload, in  0.708 seconds
Platform modules already initialized, skipping
Refreshing native plugins compatible for Editor in 0.32 ms, found 1 plugins.
Preloading 0 native plugins for Editor in 0.00 ms.
Unloading 1800 Unused Serialized files (Serialized files now loaded: 0)
System memory in use before: 88.3 MB.
System memory in use after: 88.3 MB.

Unloading 12 unused Assets to reduce memory usage. Loaded Objects now: 2448.
Total: 2.061800 ms (FindLiveObjects: 0.214400 ms CreateObjectMapping: 0.062900 ms MarkObjects: 1.689200 ms  DeleteObjects: 0.094700 ms)

========================================================================
Received Prepare
Registering precompiled user dll's ...
Registered in 0.001039 seconds.
Begin MonoManager ReloadAssembly
Native extension for WindowsStandalone target not found
Native extension for WebGL target not found
Refreshing native plugins compatible for Editor in 0.41 ms, found 1 plugins.
Preloading 0 native plugins for Editor in 0.00 ms.
Invoked RoslynAnalysisRunner static constructor.
RoslynAnalysisRunner will not be running.
RoslynAnalysisRunner has terminated.
Mono: successfully reloaded assembly
- Completed reload, in  0.729 seconds
Platform modules already initialized, skipping
Refreshing native plugins compatible for Editor in 0.31 ms, found 1 plugins.
Preloading 0 native plugins for Editor in 0.00 ms.
Unloading 1800 Unused Serialized files (Serialized files now loaded: 0)
System memory in use before: 88.3 MB.
System memory in use after: 88.3 MB.

Unloading 12 unused Assets to reduce memory usage. Loaded Objects now: 2451.
Total: 6.117200 ms (FindLiveObjects: 0.478700 ms CreateObjectMapping: 0.209700 ms MarkObjects: 5.338000 ms  DeleteObjects: 0.088900 ms)

========================================================================
Received Import Request.
  Time since last request: 418.135287 seconds.
  path: Assets/Scripts/SpriteAnimator.cs
  artifactKey: Guid(0d2b9b458a192c14bb110f5682c58dd0) Importer(815301076,1909f56bfc062723c751e8b465ee728b)
Start importing Assets/Scripts/SpriteAnimator.cs using Guid(0d2b9b458a192c14bb110f5682c58dd0) Importer(815301076,1909f56bfc062723c751e8b465ee728b)  -> (artifact id: '20fe71c3ae580fb90d72d6b3c556693b') in 0.007227 seconds
  Import took 0.010802 seconds .

========================================================================
Received Import Request.
  Time since last request: 0.322722 seconds.
  path: Assets/Scripts/ScoreDisplay.cs
  artifactKey: Guid(1aff5fc05eb079b43bd92c8a127baa08) Importer(815301076,1909f56bfc062723c751e8b465ee728b)
Start importing Assets/Scripts/ScoreDisplay.cs using Guid(1aff5fc05eb079b43bd92c8a127baa08) Importer(815301076,1909f56bfc062723c751e8b465ee728b)  -> (artifact id: 'ba1af305ac20607223e7143c4f9b7d8d') in 0.002056 seconds
  Import took 0.004753 seconds .

========================================================================
Received Prepare
Registering precompiled user dll's ...
Registered in 0.001370 seconds.
Begin MonoManager ReloadAssembly
Native extension for WindowsStandalone target not found
Native extension for WebGL target not found
Refreshing native plugins compatible for Editor in 0.49 ms, found 1 plugins.
Preloading 0 native plugins for Editor in 0.00 ms.
Invoked RoslynAnalysisRunner static constructor.
RoslynAnalysisRunner will not be running.
RoslynAnalysisRunner has terminated.
Mono: successfully reloaded assembly
- Completed reload, in  0.969 seconds
Platform modules already initialized, skipping
Refreshing native plugins compatible for Editor in 0.44 ms, found 1 plugins.
Preloading 0 native plugins for Editor in 0.00 ms.
Unloading 1800 Unused Serialized files (Serialized files now loaded: 0)
System memory in use before: 88.3 MB.
System memory in use after: 88.3 MB.

Unloading 12 unused Assets to reduce memory usage. Loaded Objects now: 2454.
Total: 3.173200 ms (FindLiveObjects: 0.275400 ms CreateObjectMapping: 0.186000 ms MarkObjects: 2.551200 ms  DeleteObjects: 0.158400 ms)

========================================================================
Received Prepare
Registering precompiled user dll's ...
Registered in 0.000983 seconds.
Begin MonoManager ReloadAssembly
Native extension for WindowsStandalone target not found
Native extension for WebGL target not found
Refreshing native plugins compatible for Editor in 0.31 ms, found 1 plugins.
Preloading 0 native plugins for Editor in 0.00 ms.
Invoked RoslynAnalysisRunner static constructor.
RoslynAnalysisRunner will not be running.
RoslynAnalysisRunner has terminated.
Mono: successfully reloaded assembly
- Completed reload, in  0.736 seconds
Platform modules already initialized, skipping
Refreshing native plugins compatible for Editor in 0.31 ms, found 1 plugins.
Preloading 0 native plugins for Editor in 0.00 ms.
Unloading 1800 Unused Serialized files (Serialized files now loaded: 0)
System memory in use before: 88.4 MB.
System memory in use after: 88.3 MB.

Unloading 12 unused Assets to reduce memory usage. Loaded Objects now: 2457.
Total: 1.953000 ms (FindLiveObjects: 0.191300 ms CreateObjectMapping: 0.064200 ms MarkObjects: 1.614100 ms  DeleteObjects: 0.082700 ms)

